# JRE version: OpenJDK Runtime Environment Temurin-21.0.10+7 (21.0.10+7) (build 21.0.10+7-LTS)
# Java VM: OpenJDK 64-Bit Server VM Temurin-21.0.10+7 (21.0.10+7-LTS, mixed mode, sharing, tiered, compressed oops, compressed class ptrs, parallel gc, windows-amd64)
GC Precious Log:
 CardTable entry size: 512
 CPUs: 4 total, 4 available
 Memory: 3980M
 Large Page Support: Disabled
 NUMA Support: Disabled
 Compressed Oops: Enabled (32-bit)
 Alignments: Space 512K, Generation 512K, Heap 2M
 Heap Min Capacity: 100M
 Heap Initial Capacity: 100M
 Heap Max Capacity: 2G
 Pre-touch: Disabled
 Parallel Workers: 4
Heap:
 PSYoungGen      total 9216K, used 5755K [0x00000000d5580000, 0x00000000d6580000, 0x0000000100000000)
  eden space 8704K, 62% used [0x00000000d5580000,0x00000000d5ad2f38,0x00000000d5e00000)
  from space 512K, 59% used [0x00000000d6500000,0x00000000d654c010,0x00000000d6580000)
  to   space 512K, 0% used [0x00000000d6480000,0x00000000d6480000,0x00000000d6500000)
 ParOldGen       total 68608K, used 50446K [0x0000000080000000, 0x0000000084300000, 0x00000000d5580000)
  object space 68608K, 73% used [0x0000000080000000,0x0000000083143848,0x0000000084300000)
 Metaspace       used 58661K, committed 59904K, reserved 1114112K
  class space    used 6914K, committed 7488K, reserved 1048576K
GC Heap History (20 events):
Event: 21.242 GC heap before
{Heap before GC invocations=39 (full 2):
 PSYoungGen      total 9216K, used 8960K [0x00000000d5580000, 0x00000000d6600000, 0x0000000100000000)
  eden space 8704K, 100% used [0x00000000d5580000,0x00000000d5e00000,0x00000000d5e00000)
  from space 512K, 50% used [0x00000000d6580000,0x00000000d65c0000,0x00000000d6600000)
  to   space 512K, 0% used [0x00000000d6500000,0x00000000d6500000,0x00000000d6580000)
 ParOldGen       total 68608K, used 44688K [0x0000000080000000, 0x0000000084300000, 0x00000000d5580000)
  object space 68608K, 65% used [0x0000000080000000,0x0000000082ba4190,0x0000000084300000)
 Metaspace       used 54864K, committed 56128K, reserved 1114112K
  class space    used 6247K, committed 6784K, reserved 1048576K
}
Event: 21.243 GC heap after
{Heap after GC invocations=39 (full 2):
 PSYoungGen      total 9216K, used 256K [0x00000000d5580000, 0x00000000d6600000, 0x0000000100000000)
  eden space 8704K, 0% used [0x00000000d5580000,0x00000000d5580000,0x00000000d5e00000)
  from space 512K, 50% used [0x00000000d6500000,0x00000000d6540000,0x00000000d6580000)
  to   space 512K, 0% used [0x00000000d6580000,0x00000000d6580000,0x00000000d6600000)
 ParOldGen       total 68608K, used 44848K [0x0000000080000000, 0x0000000084300000, 0x00000000d5580000)
  object space 68608K, 65% used [0x0000000080000000,0x0000000082bcc190,0x0000000084300000)
 Metaspace       used 54864K, committed 56128K, reserved 1114112K
  class space    used 6247K, committed 6784K, reserved 1048576K
}
Event: 21.441 GC heap before
{Heap before GC invocations=40 (full 2):
 PSYoungGen      total 9216K, used 8960K [0x00000000d5580000, 0x00000000d6600000, 0x0000000100000000)
  eden space 8704K, 100% used [0x00000000d5580000,0x00000000d5e00000,0x00000000d5e00000)
  from space 512K, 50% used [0x00000000d6500000,0x00000000d6540000,0x00000000d6580000)
  to   space 512K, 0% used [0x00000000d6580000,0x00000000d6580000,0x00000000d6600000)
 ParOldGen       total 68608K, used 44848K [0x0000000080000000, 0x0000000084300000, 0x00000000d5580000)
  object space 68608K, 65% used [0x0000000080000000,0x0000000082bcc190,0x0000000084300000)
 Metaspace       used 54868K, committed 56128K, reserved 1114112K
  class space    used 6247K, committed 6784K, reserved 1048576K
}
Event: 21.445 GC heap after
{Heap after GC invocations=40 (full 2):
 PSYoungGen      total 9216K, used 320K [0x00000000d5580000, 0x00000000d6600000, 0x0000000100000000)
  eden space 8704K, 0% used [0x00000000d5580000,0x00000000d5580000,0x00000000d5e00000)
  from space 512K, 62% used [0x00000000d6580000,0x00000000d65d0000,0x00000000d6600000)
  to   space 512K, 0% used [0x00000000d6500000,0x00000000d6500000,0x00000000d6580000)
 ParOldGen       total 68608K, used 45032K [0x0000000080000000, 0x0000000084300000, 0x00000000d5580000)
  object space 68608K, 65% used [0x0000000080000000,0x0000000082bfa190,0x0000000084300000)
 Metaspace       used 54868K, committed 56128K, reserved 1114112K
  class space    used 6247K, committed 6784K, reserved 1048576K
}
Event: 21.773 GC heap before
{Heap before GC invocations=41 (full 2):
 PSYoungGen      total 9216K, used 9024K [0x00000000d5580000, 0x00000000d6600000, 0x0000000100000000)
  eden space 8704K, 100% used [0x00000000d5580000,0x00000000d5e00000,0x00000000d5e00000)
  from space 512K, 62% used [0x00000000d6580000,0x00000000d65d0000,0x00000000d6600000)
  to   space 512K, 0% used [0x00000000d6500000,0x00000000d6500000,0x00000000d6580000)
 ParOldGen       total 68608K, used 45032K [0x0000000080000000, 0x0000000084300000, 0x00000000d5580000)
  object space 68608K, 65% used [0x0000000080000000,0x0000000082bfa190,0x0000000084300000)
 Metaspace       used 54871K, committed 56128K, reserved 1114112K
  class space    used 6247K, committed 6784K, reserved 1048576K
}
Event: 21.779 GC heap after
{Heap after GC invocations=41 (full 2):
 PSYoungGen      total 9216K, used 352K [0x00000000d5580000, 0x00000000d6600000, 0x0000000100000000)
  eden space 8704K, 0% used [0x00000000d5580000,0x00000000d5580000,0x00000000d5e00000)
  from space 512K, 68% used [0x00000000d6500000,0x00000000d6558000,0x00000000d6580000)
  to   space 512K, 0% used [0x00000000d6580000,0x00000000d6580000,0x00000000d6600000)
 ParOldGen       total 68608K, used 45280K [0x0000000080000000, 0x0000000084300000, 0x00000000d5580000)
  object space 68608K, 65% used [0x0000000080000000,0x0000000082c38190,0x0000000084300000)
 Metaspace       used 54871K, committed 56128K, reserved 1114112K
  class space    used 6247K, committed 6784K, reserved 1048576K
}
Event: 22.466 GC heap before
{Heap before GC invocations=42 (full 2):
 PSYoungGen      total 9216K, used 9055K [0x00000000d5580000, 0x00000000d6600000, 0x0000000100000000)
  eden space 8704K, 99% used [0x00000000d5580000,0x00000000d5dfffc8,0x00000000d5e00000)
  from space 512K, 68% used [0x00000000d6500000,0x00000000d6558000,0x00000000d6580000)
  to   space 512K, 0% used [0x00000000d6580000,0x00000000d6580000,0x00000000d6600000)
 ParOldGen       total 68608K, used 45280K [0x0000000080000000, 0x0000000084300000, 0x00000000d5580000)
  object space 68608K, 65% used [0x0000000080000000,0x0000000082c38190,0x0000000084300000)
 Metaspace       used 54874K, committed 56128K, reserved 1114112K
  class space    used 6247K, committed 6784K, reserved 1048576K
}
Event: 22.489 GC heap after
{Heap after GC invocations=42 (full 2):
 PSYoungGen      total 9216K, used 320K [0x00000000d5580000, 0x00000000d6600000, 0x0000000100000000)
  eden space 8704K, 0% used [0x00000000d5580000,0x00000000d5580000,0x00000000d5e00000)
  from space 512K, 62% used [0x00000000d6580000,0x00000000d65d0000,0x00000000d6600000)
  to   space 512K, 0% used [0x00000000d6500000,0x00000000d6500000,0x00000000d6580000)
 ParOldGen       total 68608K, used 45520K [0x0000000080000000, 0x0000000084300000, 0x00000000d5580000)
  object space 68608K, 66% used [0x0000000080000000,0x0000000082c74190,0x0000000084300000)
 Metaspace       used 54874K, committed 56128K, reserved 1114112K
  class space    used 6247K, committed 6784K, reserved 1048576K
}
Event: 23.716 GC heap before
{Heap before GC invocations=43 (full 2):
 PSYoungGen      total 9216K, used 9024K [0x00000000d5580000, 0x00000000d6600000, 0x0000000100000000)
  eden space 8704K, 100% used [0x00000000d5580000,0x00000000d5e00000,0x00000000d5e00000)
  from space 512K, 62% used [0x00000000d6580000,0x00000000d65d0000,0x00000000d6600000)
  to   space 512K, 0% used [0x00000000d6500000,0x00000000d6500000,0x00000000d6580000)
 ParOldGen       total 68608K, used 45520K [0x0000000080000000, 0x0000000084300000, 0x00000000d5580000)
  object space 68608K, 66% used [0x0000000080000000,0x0000000082c74190,0x0000000084300000)
 Metaspace       used 54884K, committed 56128K, reserved 1114112K
  class space    used 6247K, committed 6784K, reserved 1048576K
}
Event: 23.722 GC heap after
{Heap after GC invocations=43 (full 2):
 PSYoungGen      total 9216K, used 510K [0x00000000d5580000, 0x00000000d6600000, 0x0000000100000000)
  eden space 8704K, 0% used [0x00000000d5580000,0x00000000d5580000,0x00000000d5e00000)
  from space 512K, 99% used [0x00000000d6500000,0x00000000d657f998,0x00000000d6580000)
  to   space 512K, 0% used [0x00000000d6580000,0x00000000d6580000,0x00000000d6600000)
 ParOldGen       total 68608K, used 47748K [0x0000000080000000, 0x0000000084300000, 0x00000000d5580000)
  object space 68608K, 69% used [0x0000000080000000,0x0000000082ea12c0,0x0000000084300000)
 Metaspace       used 54884K, committed 56128K, reserved 1114112K
  class space    used 6247K, committed 6784K, reserved 1048576K
}
Event: 24.038 GC heap before
{Heap before GC invocations=44 (full 2):
 PSYoungGen      total 9216K, used 9214K [0x00000000d5580000, 0x00000000d6600000, 0x0000000100000000)
  eden space 8704K, 100% used [0x00000000d5580000,0x00000000d5e00000,0x00000000d5e00000)
  from space 512K, 99% used [0x00000000d6500000,0x00000000d657f998,0x00000000d6580000)
  to   space 512K, 0% used [0x00000000d6580000,0x00000000d6580000,0x00000000d6600000)
 ParOldGen       total 68608K, used 47748K [0x0000000080000000, 0x0000000084300000, 0x00000000d5580000)
  object space 68608K, 69% used [0x0000000080000000,0x0000000082ea12c0,0x0000000084300000)
 Metaspace       used 54993K, committed 56192K, reserved 1114112K
  class space    used 6267K, committed 6784K, reserved 1048576K
}
Event: 24.049 GC heap after
{Heap after GC invocations=44 (full 2):
 PSYoungGen      total 9216K, used 491K [0x00000000d5580000, 0x00000000d6600000, 0x0000000100000000)
  eden space 8704K, 0% used [0x00000000d5580000,0x00000000d5580000,0x00000000d5e00000)
  from space 512K, 95% used [0x00000000d6580000,0x00000000d65fad48,0x00000000d6600000)
  to   space 2560K, 0% used [0x00000000d6100000,0x00000000d6100000,0x00000000d6380000)
 ParOldGen       total 68608K, used 49008K [0x0000000080000000, 0x0000000084300000, 0x00000000d5580000)
  object space 68608K, 71% used [0x0000000080000000,0x0000000082fdc240,0x0000000084300000)
 Metaspace       used 54993K, committed 56192K, reserved 1114112K
  class space    used 6267K, committed 6784K, reserved 1048576K
}
Event: 24.636 GC heap before
{Heap before GC invocations=45 (full 2):
 PSYoungGen      total 9216K, used 9195K [0x00000000d5580000, 0x00000000d6600000, 0x0000000100000000)
  eden space 8704K, 100% used [0x00000000d5580000,0x00000000d5e00000,0x00000000d5e00000)
  from space 512K, 95% used [0x00000000d6580000,0x00000000d65fad48,0x00000000d6600000)
  to   space 2560K, 0% used [0x00000000d6100000,0x00000000d6100000,0x00000000d6380000)
 ParOldGen       total 68608K, used 49008K [0x0000000080000000, 0x0000000084300000, 0x00000000d5580000)
  object space 68608K, 71% used [0x0000000080000000,0x0000000082fdc240,0x0000000084300000)
 Metaspace       used 55378K, committed 56640K, reserved 1114112K
  class space    used 6357K, committed 6912K, reserved 1048576K
}
Event: 24.637 GC heap after
{Heap after GC invocations=45 (full 2):
 PSYoungGen      total 11264K, used 448K [0x00000000d5580000, 0x00000000d6600000, 0x0000000100000000)
  eden space 8704K, 0% used [0x00000000d5580000,0x00000000d5580000,0x00000000d5e00000)
  from space 2560K, 17% used [0x00000000d6100000,0x00000000d6170000,0x00000000d6380000)
  to   space 1024K, 0% used [0x00000000d6500000,0x00000000d6500000,0x00000000d6600000)
 ParOldGen       total 68608K, used 49494K [0x0000000080000000, 0x0000000084300000, 0x00000000d5580000)
  object space 68608K, 72% used [0x0000000080000000,0x0000000083055818,0x0000000084300000)
 Metaspace       used 55378K, committed 56640K, reserved 1114112K
  class space    used 6357K, committed 6912K, reserved 1048576K
}
Event: 24.890 GC heap before
{Heap before GC invocations=46 (full 2):
 PSYoungGen      total 11264K, used 9152K [0x00000000d5580000, 0x00000000d6600000, 0x0000000100000000)
  eden space 8704K, 100% used [0x00000000d5580000,0x00000000d5e00000,0x00000000d5e00000)
  from space 2560K, 17% used [0x00000000d6100000,0x00000000d6170000,0x00000000d6380000)
  to   space 1024K, 0% used [0x00000000d6500000,0x00000000d6500000,0x00000000d6600000)
 ParOldGen       total 68608K, used 49494K [0x0000000080000000, 0x0000000084300000, 0x00000000d5580000)
  object space 68608K, 72% used [0x0000000080000000,0x0000000083055818,0x0000000084300000)
 Metaspace       used 56187K, committed 57408K, reserved 1114112K
  class space    used 6505K, committed 7040K, reserved 1048576K
}
Event: 24.892 GC heap after
{Heap after GC invocations=46 (full 2):
 PSYoungGen      total 9216K, used 432K [0x00000000d5580000, 0x00000000d6580000, 0x0000000100000000)
  eden space 8704K, 0% used [0x00000000d5580000,0x00000000d5580000,0x00000000d5e00000)
  from space 512K, 84% used [0x00000000d6500000,0x00000000d656c010,0x00000000d6580000)
  to   space 1024K, 0% used [0x00000000d6380000,0x00000000d6380000,0x00000000d6480000)
 ParOldGen       total 68608K, used 49862K [0x0000000080000000, 0x0000000084300000, 0x00000000d5580000)
  object space 68608K, 72% used [0x0000000080000000,0x00000000830b1828,0x0000000084300000)
 Metaspace       used 56187K, committed 57408K, reserved 1114112K
  class space    used 6505K, committed 7040K, reserved 1048576K
}
Event: 25.227 GC heap before
{Heap before GC invocations=47 (full 2):
 PSYoungGen      total 9216K, used 9136K [0x00000000d5580000, 0x00000000d6580000, 0x0000000100000000)
  eden space 8704K, 100% used [0x00000000d5580000,0x00000000d5e00000,0x00000000d5e00000)
  from space 512K, 84% used [0x00000000d6500000,0x00000000d656c010,0x00000000d6580000)
  to   space 1024K, 0% used [0x00000000d6380000,0x00000000d6380000,0x00000000d6480000)
 ParOldGen       total 68608K, used 49862K [0x0000000080000000, 0x0000000084300000, 0x00000000d5580000)
  object space 68608K, 72% used [0x0000000080000000,0x00000000830b1828,0x0000000084300000)
 Metaspace       used 57328K, committed 58560K, reserved 1114112K
  class space    used 6670K, committed 7232K, reserved 1048576K
}
Event: 25.228 GC heap after
{Heap after GC invocations=47 (full 2):
 PSYoungGen      total 9728K, used 256K [0x00000000d5580000, 0x00000000d6580000, 0x0000000100000000)
  eden space 8704K, 0% used [0x00000000d5580000,0x00000000d5580000,0x00000000d5e00000)
  from space 1024K, 25% used [0x00000000d6380000,0x00000000d63c0000,0x00000000d6480000)
  to   space 512K, 0% used [0x00000000d6500000,0x00000000d6500000,0x00000000d6580000)
 ParOldGen       total 68608K, used 50238K [0x0000000080000000, 0x0000000084300000, 0x00000000d5580000)
  object space 68608K, 73% used [0x0000000080000000,0x000000008310f848,0x0000000084300000)
 Metaspace       used 57328K, committed 58560K, reserved 1114112K
  class space    used 6670K, committed 7232K, reserved 1048576K
}
Event: 25.669 GC heap before
{Heap before GC invocations=48 (full 2):
 PSYoungGen      total 9728K, used 8960K [0x00000000d5580000, 0x00000000d6580000, 0x0000000100000000)
  eden space 8704K, 100% used [0x00000000d5580000,0x00000000d5e00000,0x00000000d5e00000)
  from space 1024K, 25% used [0x00000000d6380000,0x00000000d63c0000,0x00000000d6480000)
  to   space 512K, 0% used [0x00000000d6500000,0x00000000d6500000,0x00000000d6580000)
 ParOldGen       total 68608K, used 50238K [0x0000000080000000, 0x0000000084300000, 0x00000000d5580000)
  object space 68608K, 73% used [0x0000000080000000,0x000000008310f848,0x0000000084300000)
 Metaspace       used 58185K, committed 59520K, reserved 1114112K
  class space    used 6828K, committed 7424K, reserved 1048576K
}
Event: 25.682 GC heap after
{Heap after GC invocations=48 (full 2):
 PSYoungGen      total 9216K, used 304K [0x00000000d5580000, 0x00000000d6580000, 0x0000000100000000)
  eden space 8704K, 0% used [0x00000000d5580000,0x00000000d5580000,0x00000000d5e00000)
  from space 512K, 59% used [0x00000000d6500000,0x00000000d654c010,0x00000000d6580000)
  to   space 512K, 0% used [0x00000000d6480000,0x00000000d6480000,0x00000000d6500000)
 ParOldGen       total 68608K, used 50446K [0x0000000080000000, 0x0000000084300000, 0x00000000d5580000)
  object space 68608K, 73% used [0x0000000080000000,0x0000000083143848,0x0000000084300000)
 Metaspace       used 58185K, committed 59520K, reserved 1114112K
  class space    used 6828K, committed 7424K, reserved 1048576K
}

